1. a                         {2:1}
2. all                       {1:1}
3. alphabetical              {1:1}
4. an                        {2:1}
5. appeared                  {1:2}
6. arbitrary                 {1:1}
7. bonus                     {1:2}
8. concordance               {1:1}
9. document                  {1:1}
10. each                     {2:2}
11. english                  {1:1}
12. frequencies              {1:1}
13. generate                 {1:1}
14. given                    {1:1}
15. i.e.                     {1:1}
16. in                       {2:1,2}
17. label                    {1:2}
18. labeled                  {1:1}
19. list                     {1:1}
20. numbers                  {1:2}
21. occurrence               {1:2}
22. occurrences              {1:1}
23. of                       {1:1}
24. program                  {1:1}
25. sentence                 {1:2}
26. text                     {1:1}
27. that                     {1:1}
28. the                      {1:2}
29. which                    {1:2}
30. will                     {1:1}
31. with                     {2:1,2}
32. word                     {3:1,2}
33. write                    {1:1}
34. written                  {1:1}
