a. a                        {1:3}
b. and                      {2:3}
c. are                      {1:3}
d. babylon                  {1:3}
e. been                     {1:3}
f. bible                    {1:3}
g. book                     {1:3}
h. brave                    {1:3}
i. called                   {1:3}
j. concordance              {1:3}
k. copy                     {1:3}
l. doggerel                 {1:3}
m. enmity                   {1:3}
n. expressed                {1:3}
o. for                      {1:3}
p. have                     {1:3}
q. he                       {2:3}
r. his                      {4:3}
s. ill                      {1:3}
t. implacable               {1:3}
u. in                       {1:3}
v. knowledge                {1:3}
w. legible                  {1:3}
x. lines                    {1:3}
y. living                   {1:3}
z. margin                   {1:3}
aa. martyrs                 {1:3}
bb. might                   {1:3}
cc. mystical                {1:3}
dd. of                      {5:3}
ee. on                      {1:3}
ff. reverence               {1:3}
gg. spelt                   {1:3}
hh. still                   {1:3}
ii. such                    {1:3}
jj. sufferers               {1:3}
kk. that                    {1:3}
ll. the                     {6:3}
mm. to                      {1:3}
nn. was                     {1:3}
oo. which                   {1:3}
